{"C:\\Users\\muis1\\Documents\\a new\\SERVER\\config\\mongodb.js": {"path":"C:\\Users\\muis1\\Documents\\a new\\SERVER\\config\\mongodb.js","statementMap":{"0":{"start":{"line":1,"column":0},"end":{"line":1,"column":27}},"1":{"start":{"line":2,"column":42},"end":{"line":2,"column":60}},"2":{"start":{"line":4,"column":12},"end":{"line":4,"column":33}},"3":{"start":{"line":5,"column":15},"end":{"line":11,"column":2}},"4":{"start":{"line":29,"column":11},"end":{"line":29,"column":31}},"5":{"start":{"line":31,"column":0},"end":{"line":31,"column":28}}},"fnMap":{},"branchMap":{},"s":{"0":2,"1":2,"2":2,"3":2,"4":2,"5":2},"f":{},"b":{},"_coverageSchema":"1a1c01bbd47fc00a2c39e90264f33305004495a9","hash":"a2ac1dd0779257e87bd0f9d9ddbd61589d54b88c"}
,"C:\\Users\\muis1\\Documents\\a new\\SERVER\\models\\Transaction.js": {"path":"C:\\Users\\muis1\\Documents\\a new\\SERVER\\models\\Transaction.js","statementMap":{"0":{"start":{"line":2,"column":21},"end":{"line":2,"column":39}},"1":{"start":{"line":3,"column":15},"end":{"line":3,"column":43}},"2":{"start":{"line":4,"column":24},"end":{"line":4,"column":52}},"3":{"start":{"line":7,"column":19},"end":{"line":7,"column":48}},"4":{"start":{"line":11,"column":21},"end":{"line":36,"column":5}},"5":{"start":{"line":37,"column":17},"end":{"line":37,"column":63}},"6":{"start":{"line":39,"column":4},"end":{"line":39,"column":16}},"7":{"start":{"line":43,"column":24},"end":{"line":45,"column":6}},"8":{"start":{"line":46,"column":4},"end":{"line":47,"column":80}},"9":{"start":{"line":49,"column":4},"end":{"line":49,"column":23}},"10":{"start":{"line":53,"column":63},"end":{"line":53,"column":77}},"11":{"start":{"line":55,"column":17},"end":{"line":64,"column":5}},"12":{"start":{"line":65,"column":19},"end":{"line":65,"column":51}},"13":{"start":{"line":67,"column":4},"end":{"line":70,"column":6}},"14":{"start":{"line":74,"column":17},"end":{"line":84,"column":5}},"15":{"start":{"line":86,"column":19},"end":{"line":86,"column":79}},"16":{"start":{"line":88,"column":4},"end":{"line":88,"column":18}},"17":{"start":{"line":92,"column":17},"end":{"line":92,"column":79}},"18":{"start":{"line":94,"column":4},"end":{"line":96,"column":5}},"19":{"start":{"line":95,"column":6},"end":{"line":95,"column":47}},"20":{"start":{"line":97,"column":4},"end":{"line":97,"column":16}},"21":{"start":{"line":101,"column":21},"end":{"line":116,"column":5}},"22":{"start":{"line":117,"column":17},"end":{"line":117,"column":63}},"23":{"start":{"line":119,"column":4},"end":{"line":119,"column":16}},"24":{"start":{"line":122,"column":0},"end":{"line":122,"column":29}}},"fnMap":{"0":{"name":"(anonymous_0)","decl":{"start":{"line":10,"column":2},"end":{"line":10,"column":3}},"loc":{"start":{"line":10,"column":39},"end":{"line":40,"column":3}},"line":10},"1":{"name":"(anonymous_1)","decl":{"start":{"line":42,"column":2},"end":{"line":42,"column":3}},"loc":{"start":{"line":42,"column":39},"end":{"line":50,"column":3}},"line":42},"2":{"name":"(anonymous_2)","decl":{"start":{"line":52,"column":2},"end":{"line":52,"column":3}},"loc":{"start":{"line":52,"column":49},"end":{"line":71,"column":3}},"line":52},"3":{"name":"(anonymous_3)","decl":{"start":{"line":73,"column":2},"end":{"line":73,"column":3}},"loc":{"start":{"line":73,"column":73},"end":{"line":89,"column":3}},"line":73},"4":{"name":"(anonymous_4)","decl":{"start":{"line":91,"column":2},"end":{"line":91,"column":3}},"loc":{"start":{"line":91,"column":38},"end":{"line":98,"column":3}},"line":91},"5":{"name":"(anonymous_5)","decl":{"start":{"line":100,"column":2},"end":{"line":100,"column":3}},"loc":{"start":{"line":100,"column":40},"end":{"line":120,"column":3}},"line":100}},"branchMap":{"0":{"loc":{"start":{"line":94,"column":4},"end":{"line":96,"column":5}},"type":"if","locations":[{"start":{"line":94,"column":4},"end":{"line":96,"column":5}},{"start":{},"end":{}}],"line":94}},"s":{"0":1,"1":1,"2":1,"3":1,"4":0,"5":0,"6":0,"7":1,"8":1,"9":1,"10":1,"11":1,"12":1,"13":1,"14":0,"15":0,"16":0,"17":0,"18":0,"19":0,"20":0,"21":0,"22":0,"23":0,"24":1},"f":{"0":0,"1":1,"2":1,"3":0,"4":0,"5":0},"b":{"0":[0,0]},"_coverageSchema":"1a1c01bbd47fc00a2c39e90264f33305004495a9","hash":"ec5b24d7d5efcc438e13ad91ceb8a4bf260a638f"}
,"C:\\Users\\muis1\\Documents\\a new\\SERVER\\models\\UserTransaction.js": {"path":"C:\\Users\\muis1\\Documents\\a new\\SERVER\\models\\UserTransaction.js","statementMap":{"0":{"start":{"line":1,"column":21},"end":{"line":1,"column":39}},"1":{"start":{"line":2,"column":15},"end":{"line":2,"column":43}},"2":{"start":{"line":3,"column":19},"end":{"line":3,"column":51}},"3":{"start":{"line":7,"column":17},"end":{"line":7,"column":50}},"4":{"start":{"line":8,"column":4},"end":{"line":8,"column":16}},"5":{"start":{"line":11,"column":17},"end":{"line":11,"column":75}},"6":{"start":{"line":12,"column":4},"end":{"line":12,"column":16}},"7":{"start":{"line":16,"column":57},"end":{"line":16,"column":75}},"8":{"start":{"line":17,"column":17},"end":{"line":22,"column":5}},"9":{"start":{"line":23,"column":19},"end":{"line":23,"column":51}},"10":{"start":{"line":25,"column":4},"end":{"line":28,"column":6}},"11":{"start":{"line":31,"column":17},"end":{"line":37,"column":7}},"12":{"start":{"line":31,"column":59},"end":{"line":37,"column":5}},"13":{"start":{"line":40,"column":19},"end":{"line":40,"column":52}},"14":{"start":{"line":41,"column":0},"end":{"line":41,"column":42}},"15":{"start":{"line":44,"column":4},"end":{"line":44,"column":30}},"16":{"start":{"line":48,"column":17},"end":{"line":53,"column":5}},"17":{"start":{"line":54,"column":19},"end":{"line":57,"column":5}},"18":{"start":{"line":58,"column":4},"end":{"line":58,"column":18}},"19":{"start":{"line":61,"column":19},"end":{"line":61,"column":73}},"20":{"start":{"line":62,"column":4},"end":{"line":62,"column":18}},"21":{"start":{"line":65,"column":21},"end":{"line":88,"column":5}},"22":{"start":{"line":89,"column":17},"end":{"line":89,"column":63}},"23":{"start":{"line":90,"column":4},"end":{"line":90,"column":16}},"24":{"start":{"line":93,"column":0},"end":{"line":93,"column":33}}},"fnMap":{"0":{"name":"(anonymous_0)","decl":{"start":{"line":6,"column":2},"end":{"line":6,"column":3}},"loc":{"start":{"line":6,"column":37},"end":{"line":9,"column":3}},"line":6},"1":{"name":"(anonymous_1)","decl":{"start":{"line":10,"column":2},"end":{"line":10,"column":3}},"loc":{"start":{"line":10,"column":46},"end":{"line":13,"column":3}},"line":10},"2":{"name":"(anonymous_2)","decl":{"start":{"line":15,"column":2},"end":{"line":15,"column":3}},"loc":{"start":{"line":15,"column":57},"end":{"line":29,"column":3}},"line":15},"3":{"name":"(anonymous_3)","decl":{"start":{"line":30,"column":2},"end":{"line":30,"column":3}},"loc":{"start":{"line":30,"column":62},"end":{"line":45,"column":3}},"line":30},"4":{"name":"(anonymous_4)","decl":{"start":{"line":31,"column":41},"end":{"line":31,"column":42}},"loc":{"start":{"line":31,"column":59},"end":{"line":37,"column":5}},"line":31},"5":{"name":"(anonymous_5)","decl":{"start":{"line":47,"column":2},"end":{"line":47,"column":3}},"loc":{"start":{"line":47,"column":75},"end":{"line":59,"column":3}},"line":47},"6":{"name":"(anonymous_6)","decl":{"start":{"line":60,"column":2},"end":{"line":60,"column":3}},"loc":{"start":{"line":60,"column":42},"end":{"line":63,"column":3}},"line":60},"7":{"name":"(anonymous_7)","decl":{"start":{"line":64,"column":2},"end":{"line":64,"column":3}},"loc":{"start":{"line":64,"column":65},"end":{"line":91,"column":3}},"line":64}},"branchMap":{},"s":{"0":2,"1":2,"2":2,"3":1,"4":1,"5":3,"6":3,"7":1,"8":1,"9":1,"10":1,"11":1,"12":2,"13":1,"14":1,"15":1,"16":1,"17":1,"18":1,"19":1,"20":1,"21":1,"22":1,"23":1,"24":2},"f":{"0":1,"1":3,"2":1,"3":1,"4":2,"5":1,"6":1,"7":1},"b":{},"_coverageSchema":"1a1c01bbd47fc00a2c39e90264f33305004495a9","hash":"e87ebe65cd1f539192b0fba7e0afa44a56980783"}
}
