TN:
SF:config\mongodb.js
FNF:0
FNH:0
DA:1,2
DA:2,2
DA:4,2
DA:5,2
DA:29,2
DA:31,2
LF:6
LH:6
BRF:0
BRH:0
end_of_record
TN:
SF:models\Transaction.js
FN:10,(anonymous_0)
FN:42,(anonymous_1)
FN:52,(anonymous_2)
FN:73,(anonymous_3)
FN:91,(anonymous_4)
FN:100,(anonymous_5)
FNF:6
FNH:2
FNDA:0,(anonymous_0)
FNDA:1,(anonymous_1)
FNDA:1,(anonymous_2)
FNDA:0,(anonymous_3)
FNDA:0,(anonymous_4)
FNDA:0,(anonymous_5)
DA:2,1
DA:3,1
DA:4,1
DA:7,1
DA:11,0
DA:37,0
DA:39,0
DA:43,1
DA:46,1
DA:49,1
DA:53,1
DA:55,1
DA:65,1
DA:67,1
DA:74,0
DA:86,0
DA:88,0
DA:92,0
DA:94,0
DA:95,0
DA:97,0
DA:101,0
DA:117,0
DA:119,0
DA:122,1
LF:25
LH:12
BRDA:94,0,0,0
BRDA:94,0,1,0
BRF:2
BRH:0
end_of_record
TN:
SF:models\UserTransaction.js
FN:6,(anonymous_0)
FN:10,(anonymous_1)
FN:15,(anonymous_2)
FN:30,(anonymous_3)
FN:31,(anonymous_4)
FN:47,(anonymous_5)
FN:60,(anonymous_6)
FN:64,(anonymous_7)
FNF:8
FNH:8
FNDA:1,(anonymous_0)
FNDA:3,(anonymous_1)
FNDA:1,(anonymous_2)
FNDA:1,(anonymous_3)
FNDA:2,(anonymous_4)
FNDA:1,(anonymous_5)
FNDA:1,(anonymous_6)
FNDA:1,(anonymous_7)
DA:1,2
DA:2,2
DA:3,2
DA:7,1
DA:8,1
DA:11,3
DA:12,3
DA:16,1
DA:17,1
DA:23,1
DA:25,1
DA:31,2
DA:40,1
DA:41,1
DA:44,1
DA:48,1
DA:54,1
DA:58,1
DA:61,1
DA:62,1
DA:65,1
DA:89,1
DA:90,1
DA:93,2
LF:24
LH:24
BRF:0
BRH:0
end_of_record
